  CountDown.cpp
  Enemy.cpp
C:\Users\d.harle\Documents\GitGaming\SHMUP-smfl\SHMUP\SHMUP\Enemy.cpp(10,109): warning C4305: 'initializing': truncation from 'double' to 'float'
C:\Users\d.harle\Documents\GitGaming\SHMUP-smfl\SHMUP\SHMUP\Enemy.cpp(12,67): warning C4244: 'argument': conversion from 'T' to 'float', possible loss of data
          with
          [
              T=unsigned int
          ]
C:\Users\d.harle\Documents\GitGaming\SHMUP-smfl\SHMUP\SHMUP\Enemy.cpp(12,42): warning C4244: 'argument': conversion from 'T' to 'float', possible loss of data
          with
          [
              T=unsigned int
          ]
C:\Users\d.harle\Documents\GitGaming\SHMUP-smfl\SHMUP\SHMUP\Enemy.cpp(16,47): warning C4244: '=': conversion from 'int' to 'float', possible loss of data
  Game.cpp
C:\Users\d.harle\Documents\GitGaming\SHMUP-smfl\SHMUP\SHMUP\Game.cpp(26,22): warning C4244: 'argument': conversion from 'time_t' to 'unsigned int', possible loss of data
C:\Users\d.harle\Documents\GitGaming\SHMUP-smfl\SHMUP\SHMUP\Game.cpp(78,51): warning C4244: 'argument': conversion from 'int' to 'float', possible loss of data
C:\Program Files\Microsoft Visual Studio\2022\Community\VC\Tools\MSVC\14.37.32822\include\xmemory(719,103): warning C4244: 'argument': conversion from '_Ty' to 'float', possible loss of data
          with
          [
              _Ty=int
          ]
C:\Program Files\Microsoft Visual Studio\2022\Community\VC\Tools\MSVC\14.37.32822\include\vector(800,27): message : see reference to function template instantiation 'void std::_Default_allocator_traits<_Alloc>::construct<_Ty,sf::Texture&,int,int,bool>(_Alloc &,_Objty *const ,sf::Texture &,int &&,int &&,bool &&)' being compiled
          with
          [
              _Alloc=std::allocator<Bullet>,
              _Ty=Bullet,
              _Objty=Bullet
          ]
C:\Program Files\Microsoft Visual Studio\2022\Community\VC\Tools\MSVC\14.37.32822\include\vector(782,20): message : see reference to function template instantiation '_Ty &std::vector<_Ty,std::allocator<_Ty>>::_Emplace_back_with_unused_capacity<sf::Texture&,int,int,bool>(sf::Texture &,int &&,int &&,bool &&)' being compiled
          with
          [
              _Ty=Bullet
          ]
C:\Program Files\Microsoft Visual Studio\2022\Community\VC\Tools\MSVC\14.37.32822\include\vector(864,24): message : see reference to function template instantiation '_Ty &std::vector<_Ty,std::allocator<_Ty>>::_Emplace_one_at_back<sf::Texture&,int,int,bool>(sf::Texture &,int &&,int &&,bool &&)' being compiled
          with
          [
              _Ty=Bullet
          ]
C:\Users\d.harle\Documents\GitGaming\SHMUP-smfl\SHMUP\SHMUP\Game.cpp(48,10): message : see reference to function template instantiation 'void std::vector<Bullet,std::allocator<Bullet>>::emplace_back<sf::Texture&,int,int,bool>(sf::Texture &,int &&,int &&,bool &&)' being compiled
  GameOver.cpp
C:\Users\d.harle\Documents\GitGaming\SHMUP-smfl\SHMUP\SHMUP\GameOver.cpp(58,60): warning C4244: 'argument': conversion from 'T' to 'T', possible loss of data
          with
          [
              T=unsigned int
          ]
          and
          [
              T=float
          ]
C:\Users\d.harle\Documents\GitGaming\SHMUP-smfl\SHMUP\SHMUP\GameOver.cpp(65,61): warning C4244: 'argument': conversion from 'T' to 'T', possible loss of data
          with
          [
              T=unsigned int
          ]
          and
          [
              T=float
          ]
  InGame.cpp
C:\Users\d.harle\Documents\GitGaming\SHMUP-smfl\SHMUP\SHMUP\InGame.cpp(162,61): warning C4244: 'argument': conversion from 'T' to 'float', possible loss of data
          with
          [
              T=unsigned int
          ]
C:\Users\d.harle\Documents\GitGaming\SHMUP-smfl\SHMUP\SHMUP\InGame.cpp(162,50): warning C4244: 'argument': conversion from 'T' to 'float', possible loss of data
          with
          [
              T=unsigned int
          ]
C:\Users\d.harle\Documents\GitGaming\SHMUP-smfl\SHMUP\SHMUP\InGame.cpp(168,64): warning C4244: 'argument': conversion from 'T' to 'float', possible loss of data
          with
          [
              T=unsigned int
          ]
C:\Users\d.harle\Documents\GitGaming\SHMUP-smfl\SHMUP\SHMUP\InGame.cpp(168,53): warning C4244: 'argument': conversion from 'T' to 'float', possible loss of data
          with
          [
              T=unsigned int
          ]
  LeaderBoard.cpp
C:\Users\d.harle\Documents\GitGaming\SHMUP-smfl\SHMUP\SHMUP\LeaderBoard.cpp(57,40): warning C4244: 'argument': conversion from 'size_t' to 'float', possible loss of data
  SHMUP.cpp
  TitleScreen.cpp
  Generating Code...
  SHMUP.vcxproj -> C:\Users\d.harle\Documents\GitGaming\SHMUP-smfl\SHMUP\x64\Debug\SHMUP.exe
